Using pre-set license
Built from '2021.1/staging' branch; Version is '2021.1.6f1 (c0fade0cc7e9) revision 12647134'; Using compiler version '192528614'; Build Type 'Release'
OS: 'Windows 10 Pro; OS build 19042.928; Version 2009; 64bit' Language: 'ko' Physical Memory: 16229 MB
BatchMode: 1, IsHumanControllingUs: 0, StartBugReporterOnCrash: 0, Is64bit: 1, IsPro: 0

 COMMAND LINE ARGUMENTS:
C:\Program Files\Unity\Hub\Editor\2021.1.6f1\Editor\Unity.exe
-adb2
-batchMode
-noUpm
-name
AssetImportWorker0
-projectPath
C:/Users/admin/Desktop/Hands-On-Unity-Challenge-Club/02 - Wack a Mole Quest
-logFile
Logs/AssetImportWorker0.log
-srvPort
6936
Successfully changed project path to: C:/Users/admin/Desktop/Hands-On-Unity-Challenge-Club/02 - Wack a Mole Quest
C:/Users/admin/Desktop/Hands-On-Unity-Challenge-Club/02 - Wack a Mole Quest
Using Asset Import Pipeline V2.
Refreshing native plugins compatible for Editor in 71.45 ms, found 1 plugins.
Preloading 0 native plugins for Editor in 0.00 ms.
Initialize engine version: 2021.1.6f1 (c0fade0cc7e9)
[Subsystems] Discovering subsystems at path C:/Program Files/Unity/Hub/Editor/2021.1.6f1/Editor/Data/Resources/UnitySubsystems
[Subsystems] Discovering subsystems at path C:/Users/admin/Desktop/Hands-On-Unity-Challenge-Club/02 - Wack a Mole Quest/Assets
GfxDevice: creating device client; threaded=0; jobified=0
Direct3D:
    Version:  Direct3D 11.0 [level 11.1]
    Renderer: NVIDIA GeForce GTX 970 (ID=0x13c2)
    Vendor:   NVIDIA
    VRAM:     4043 MB
    Driver:   27.21.14.6627
Initialize mono
Mono path[0] = 'C:/Program Files/Unity/Hub/Editor/2021.1.6f1/Editor/Data/Managed'
Mono path[1] = 'C:/Program Files/Unity/Hub/Editor/2021.1.6f1/Editor/Data/MonoBleedingEdge/lib/mono/unityjit'
Mono config path = 'C:/Program Files/Unity/Hub/Editor/2021.1.6f1/Editor/Data/MonoBleedingEdge/etc'
Using monoOptions --debugger-agent=transport=dt_socket,embedding=1,server=y,suspend=n,address=127.0.0.1:56096
Begin MonoManager ReloadAssembly
Registering precompiled unity dll's ...
Register platform support module: C:/Program Files/Unity/Hub/Editor/2021.1.6f1/Editor/Data/PlaybackEngines/WindowsStandaloneSupport/UnityEditor.WindowsStandalone.Extensions.dll
Registered in 0.005398 seconds.
Native extension for WindowsStandalone target not found
Refreshing native plugins compatible for Editor in 75.17 ms, found 1 plugins.
Preloading 0 native plugins for Editor in 0.00 ms.
Mono: successfully reloaded assembly
- Completed reload, in  3.130 seconds
Platform modules already initialized, skipping
Registering precompiled user dll's ...
Registered in 0.008049 seconds.
Begin MonoManager ReloadAssembly
Native extension for WindowsStandalone target not found
Refreshing native plugins compatible for Editor in 0.52 ms, found 1 plugins.
Preloading 0 native plugins for Editor in 0.00 ms.
Mono: successfully reloaded assembly
- Completed reload, in  1.130 seconds
Platform modules already initialized, skipping
========================================================================
Worker process is ready to serve import requests
Launched and connected shader compiler UnityShaderCompiler.exe after 0.10 seconds
Refreshing native plugins compatible for Editor in 0.50 ms, found 1 plugins.
Preloading 0 native plugins for Editor in 0.00 ms.
Unloading 2670 Unused Serialized files (Serialized files now loaded: 0)
System memory in use before: 99.0 MB.
System memory in use after: 99.1 MB.

Unloading 15 unused Assets to reduce memory usage. Loaded Objects now: 3122.
Total: 1.939600 ms (FindLiveObjects: 0.227800 ms CreateObjectMapping: 0.119100 ms MarkObjects: 1.523900 ms  DeleteObjects: 0.067600 ms)

========================================================================
Received Import Request.
  path: Assets/Animations
  artifactKey: Guid(4e94495470d018045aa43800a482bb58) Importer(815301076,1909f56bfc062723c751e8b465ee728b)
Start importing Assets/Animations using Guid(4e94495470d018045aa43800a482bb58) Importer(815301076,1909f56bfc062723c751e8b465ee728b)  -> (artifact id: '2cd66ffaf15db9d2efd83f9b75e433f8') in 0.010722 seconds 
========================================================================
Received Import Request.
  Time since last request: 0.286687 seconds.
  path: Assets/Scenes/Main Game.unity
  artifactKey: Guid(9fc0d4010bbf28b4594072e72b8655ab) Importer(815301076,1909f56bfc062723c751e8b465ee728b)
Start importing Assets/Scenes/Main Game.unity using Guid(9fc0d4010bbf28b4594072e72b8655ab) Importer(815301076,1909f56bfc062723c751e8b465ee728b)  -> (artifact id: '0caff502aa201483b6313621aa57da6e') in 0.015817 seconds 
========================================================================
Received Prepare
Registering precompiled user dll's ...
Registered in 0.007433 seconds.
Begin MonoManager ReloadAssembly
Native extension for WindowsStandalone target not found
Refreshing native plugins compatible for Editor in 0.56 ms, found 1 plugins.
Preloading 0 native plugins for Editor in 0.00 ms.
System.ArgumentOutOfRangeException: Length cannot be less than zero.
Parameter name: length
  at System.String.Substring (System.Int32 startIndex, System.Int32 length) [0x0004a] in <695d1cc93cca45069c528c15c9fdd749>:0 
  at Cinemachine.Editor.ScriptableObjectUtility.get_CinemachineInstallAssetPath () [0x0001a] in C:\Users\admin\Desktop\Hands-On-Unity-Challenge-Club\02 - Wack a Mole Quest\Assets\Cinemachine\Base\Editor\Utility\ScriptableObjectUtility.cs:23 
  at Cinemachine.Editor.ScriptableObjectUtility.get_CinemachineInstallPath () [0x00001] in C:\Users\admin\Desktop\Hands-On-Unity-Challenge-Club\02 - Wack a Mole Quest\Assets\Cinemachine\Base\Editor\Utility\ScriptableObjectUtility.cs:13 
  at Cinemachine.Editor.CinemachineBrainEditor+InstallGizmos..cctor () [0x00001] in C:\Users\admin\Desktop\Hands-On-Unity-Challenge-Club\02 - Wack a Mole Quest\Assets\Cinemachine\Base\Editor\Editors\CinemachineBrainEditor.cs:150 
UnityEngine.StackTraceUtility:ExtractStackTrace ()
UnityEngine.DebugLogHandler:LogFormat (UnityEngine.LogType,UnityEngine.Object,string,object[])
UnityEngine.Logger:Log (UnityEngine.LogType,object)
UnityEngine.Debug:LogError (object)
UnityEditor.EditorAssemblies:ProcessInitializeOnLoadAttributes (System.Type[])

Mono: successfully reloaded assembly
- Completed reload, in  2.752 seconds
Platform modules already initialized, skipping
Refreshing native plugins compatible for Editor in 0.54 ms, found 1 plugins.
Preloading 0 native plugins for Editor in 0.00 ms.
Unloading 2762 Unused Serialized files (Serialized files now loaded: 0)
System memory in use before: 102.2 MB.
System memory in use after: 102.4 MB.

Unloading 10 unused Assets to reduce memory usage. Loaded Objects now: 3222.
Total: 2.014400 ms (FindLiveObjects: 0.231100 ms CreateObjectMapping: 0.118400 ms MarkObjects: 1.618600 ms  DeleteObjects: 0.045400 ms)

========================================================================
Received Prepare
Registering precompiled user dll's ...
Registered in 0.007108 seconds.
Begin MonoManager ReloadAssembly
Native extension for WindowsStandalone target not found
Refreshing native plugins compatible for Editor in 0.56 ms, found 1 plugins.
Preloading 0 native plugins for Editor in 0.00 ms.
Mono: successfully reloaded assembly
- Completed reload, in  2.628 seconds
Platform modules already initialized, skipping
Refreshing native plugins compatible for Editor in 0.56 ms, found 1 plugins.
Preloading 0 native plugins for Editor in 0.00 ms.
Unloading 2761 Unused Serialized files (Serialized files now loaded: 0)
System memory in use before: 102.2 MB.
System memory in use after: 102.4 MB.

Unloading 11 unused Assets to reduce memory usage. Loaded Objects now: 3225.
Total: 2.562300 ms (FindLiveObjects: 0.332900 ms CreateObjectMapping: 0.291000 ms MarkObjects: 1.892800 ms  DeleteObjects: 0.044500 ms)

========================================================================
Received Prepare
Registering precompiled user dll's ...
Registered in 0.007665 seconds.
Begin MonoManager ReloadAssembly
Native extension for WindowsStandalone target not found
Refreshing native plugins compatible for Editor in 1.03 ms, found 1 plugins.
Preloading 0 native plugins for Editor in 0.00 ms.
Mono: successfully reloaded assembly
- Completed reload, in  2.064 seconds
Platform modules already initialized, skipping
Refreshing native plugins compatible for Editor in 0.53 ms, found 1 plugins.
Preloading 0 native plugins for Editor in 0.00 ms.
Unloading 2761 Unused Serialized files (Serialized files now loaded: 0)
System memory in use before: 102.3 MB.
System memory in use after: 102.5 MB.

Unloading 11 unused Assets to reduce memory usage. Loaded Objects now: 3228.
Total: 1.950700 ms (FindLiveObjects: 0.229000 ms CreateObjectMapping: 0.115200 ms MarkObjects: 1.551900 ms  DeleteObjects: 0.053200 ms)

